{
  "RSpec": {
    "coverage": {
      "/Users/maxadolfsson/utbyte/Kurser/SOA/Project/WanderWise/spec/spec_helper.rb": {
        "lines": [
          null,
          null,
          1,
          1,
          1,
          1,
          1,
          null,
          1,
          1,
          1,
          1,
          1,
          1,
          1,
          null,
          1,
          null,
          1,
          1,
          1,
          null,
          1,
          1,
          1
        ]
      },
      "/Users/maxadolfsson/utbyte/Kurser/SOA/Project/WanderWise/app/controllers/app.rb": {
        "lines": [
          null,
          null,
          1,
          1,
          1,
          1,
          1,
          null,
          1,
          null,
          1,
          1,
          1,
          1,
          null,
          1,
          0,
          null,
          null,
          0,
          0,
          null,
          null,
          null,
          0,
          0,
          0,
          0,
          0,
          null,
          null,
          0,
          0,
          null,
          0,
          0,
          null,
          0,
          null,
          null,
          null,
          null,
          null
        ]
      },
      "/Users/maxadolfsson/utbyte/Kurser/SOA/Project/WanderWise/app/models/gateways/flights_api.rb": {
        "lines": [
          null,
          null,
          1,
          1,
          1,
          1,
          null,
          1,
          null,
          1,
          1,
          1,
          1,
          1,
          1,
          1,
          null,
          null,
          1,
          null,
          null,
          null,
          1,
          1,
          1,
          null,
          null,
          1,
          1,
          null,
          null,
          1,
          0,
          null,
          0,
          null,
          0,
          null,
          null,
          1,
          null,
          null,
          1,
          1,
          1,
          null,
          null,
          null,
          null,
          null,
          1,
          null,
          null,
          null
        ]
      },
      "/Users/maxadolfsson/utbyte/Kurser/SOA/Project/WanderWise/app/models/entities/flights_entity.rb": {
        "lines": [
          null,
          null,
          1,
          1,
          null,
          null,
          1,
          1,
          null,
          null,
          1,
          null,
          1,
          1,
          1,
          1,
          1,
          1,
          1,
          1,
          1,
          null,
          1,
          0,
          null,
          null,
          null
        ]
      },
      "/Users/maxadolfsson/utbyte/Kurser/SOA/Project/WanderWise/app/models/gateways/nytimes_api.rb": {
        "lines": [
          null,
          null,
          1,
          1,
          1,
          1,
          1,
          null,
          1,
          null,
          1,
          1,
          1,
          1,
          1,
          1,
          1,
          null,
          null,
          1,
          null,
          null,
          null,
          1,
          1,
          1,
          null,
          null,
          1,
          null,
          null,
          null,
          null,
          null,
          null,
          1,
          null,
          null,
          1,
          0,
          null,
          0,
          null,
          null,
          null,
          1,
          1,
          1,
          1,
          null,
          null,
          null
        ]
      },
      "/Users/maxadolfsson/utbyte/Kurser/SOA/Project/WanderWise/app/models/entities/nytimes_entity.rb": {
        "lines": [
          null,
          null,
          1,
          1,
          null,
          null,
          1,
          1,
          null,
          null,
          1,
          null,
          1,
          1,
          1,
          1,
          null,
          1,
          0,
          null,
          null,
          null
        ]
      },
      "/Users/maxadolfsson/utbyte/Kurser/SOA/Project/WanderWise/app/models/mappers/flights_mapper.rb": {
        "lines": [
          null,
          null,
          1,
          1,
          null,
          1,
          null,
          1,
          1,
          0,
          null,
          null,
          null,
          1,
          0,
          0,
          0,
          null,
          null,
          1,
          0,
          0,
          0,
          0,
          0,
          null,
          null,
          1,
          null,
          1,
          0,
          0,
          null,
          0,
          null,
          null,
          1,
          0,
          null,
          null,
          null,
          null,
          null,
          null,
          null,
          null,
          null,
          null,
          null,
          1,
          1,
          0,
          null,
          null,
          1,
          0,
          0,
          null,
          null,
          1,
          0,
          0,
          null,
          null,
          null,
          1,
          0,
          null,
          null,
          1,
          0,
          null,
          null,
          1,
          0,
          null,
          null,
          1,
          0,
          null,
          null,
          1,
          0,
          null,
          null,
          1,
          0,
          null,
          null,
          1,
          0,
          null,
          null,
          1,
          0,
          null,
          null,
          1,
          0,
          null,
          null,
          1,
          0,
          null,
          null,
          null,
          null
        ]
      },
      "/Users/maxadolfsson/utbyte/Kurser/SOA/Project/WanderWise/app/models/mappers/nytimes_mapper.rb": {
        "lines": [
          null,
          null,
          1,
          1,
          null,
          1,
          null,
          1,
          1,
          0,
          null,
          null,
          null,
          1,
          0,
          0,
          null,
          null,
          0,
          null,
          null,
          1,
          0,
          0,
          null,
          0,
          0,
          null,
          null,
          0,
          null,
          null,
          1,
          null,
          1,
          0,
          null,
          null,
          null,
          null,
          1,
          1,
          0,
          null,
          null,
          null,
          null,
          null,
          null,
          null,
          null,
          1,
          1,
          0,
          0,
          null,
          null,
          0,
          null,
          0,
          null,
          null,
          null,
          null,
          1,
          1,
          0,
          0,
          null,
          null,
          null
        ]
      }
    },
    "timestamp": 1729829620
  },
  "rspec:28540": {
    "coverage": {
      "/Users/maxadolfsson/utbyte/Kurser/SOA/Project/WanderWise/spec/spec_helper.rb": {
        "lines": [
          null,
          null,
          1,
          1,
          1,
          1,
          1,
          null,
          1,
          1,
          1,
          1,
          1,
          1,
          1,
          1,
          1,
          1,
          1,
          null,
          null,
          null,
          1,
          1,
          null,
          null,
          1,
          1,
          1,
          null,
          1,
          1,
          1
        ]
      },
      "/Users/maxadolfsson/utbyte/Kurser/SOA/Project/WanderWise/app/controllers/app.rb": {
        "lines": [
          null,
          null,
          1,
          1,
          1,
          1,
          1,
          null,
          1,
          null,
          1,
          1,
          1,
          1,
          null,
          1,
          3,
          null,
          null,
          3,
          1,
          null,
          null,
          null,
          2,
          2,
          2,
          2,
          2,
          null,
          null,
          2,
          1,
          null,
          1,
          1,
          null,
          1,
          null,
          null,
          null,
          null,
          null
        ]
      },
      "/Users/maxadolfsson/utbyte/Kurser/SOA/Project/WanderWise/app/models/gateways/flights_api.rb": {
        "lines": [
          null,
          null,
          1,
          1,
          1,
          1,
          null,
          1,
          null,
          1,
          1,
          0,
          0,
          0,
          null,
          null,
          0,
          null,
          null,
          null,
          1,
          0,
          0,
          null,
          null,
          0,
          null,
          null,
          1,
          0,
          null,
          0,
          null,
          0,
          null,
          null,
          1,
          null,
          null,
          1,
          0,
          0,
          null,
          null,
          null,
          null,
          null,
          0,
          null,
          null,
          null
        ]
      },
      "/Users/maxadolfsson/utbyte/Kurser/SOA/Project/WanderWise/app/models/entities/flights_entity.rb": {
        "lines": [
          null,
          null,
          1,
          1,
          null,
          null,
          1,
          1,
          null,
          null,
          1,
          null,
          1,
          1,
          1,
          1,
          1,
          1,
          1,
          1,
          1,
          null,
          1,
          0,
          null,
          null,
          null
        ]
      },
      "/Users/maxadolfsson/utbyte/Kurser/SOA/Project/WanderWise/app/models/gateways/nytimes_api.rb": {
        "lines": [
          null,
          null,
          1,
          1,
          1,
          1,
          1,
          null,
          1,
          null,
          1,
          1,
          0,
          0,
          0,
          null,
          null,
          0,
          null,
          null,
          null,
          1,
          0,
          0,
          null,
          null,
          0,
          null,
          null,
          null,
          null,
          null,
          null,
          0,
          null,
          null,
          1,
          0,
          null,
          0,
          null,
          null,
          null,
          1,
          0,
          0,
          0,
          null,
          null,
          null
        ]
      },
      "/Users/maxadolfsson/utbyte/Kurser/SOA/Project/WanderWise/app/models/entities/nytimes_entity.rb": {
        "lines": [
          null,
          null,
          1,
          1,
          null,
          null,
          1,
          1,
          null,
          null,
          1,
          null,
          1,
          1,
          1,
          1,
          null,
          1,
          0,
          null,
          null,
          null
        ]
      },
      "/Users/maxadolfsson/utbyte/Kurser/SOA/Project/WanderWise/app/models/mappers/flights_mapper.rb": {
        "lines": [
          null,
          null,
          1,
          1,
          null,
          1,
          null,
          1,
          1,
          0,
          null,
          null,
          null,
          1,
          0,
          0,
          0,
          null,
          null,
          1,
          0,
          0,
          0,
          0,
          0,
          null,
          null,
          1,
          null,
          1,
          0,
          0,
          null,
          0,
          null,
          null,
          1,
          0,
          null,
          null,
          null,
          null,
          null,
          null,
          null,
          null,
          null,
          null,
          null,
          1,
          1,
          0,
          null,
          null,
          1,
          0,
          0,
          null,
          null,
          1,
          0,
          0,
          null,
          null,
          null,
          1,
          0,
          null,
          null,
          1,
          0,
          null,
          null,
          1,
          0,
          null,
          null,
          1,
          0,
          null,
          null,
          1,
          0,
          null,
          null,
          1,
          0,
          null,
          null,
          1,
          0,
          null,
          null,
          1,
          0,
          null,
          null,
          1,
          0,
          null,
          null,
          1,
          0,
          null,
          null,
          null,
          null
        ]
      },
      "/Users/maxadolfsson/utbyte/Kurser/SOA/Project/WanderWise/app/models/mappers/nytimes_mapper.rb": {
        "lines": [
          null,
          null,
          1,
          1,
          null,
          1,
          null,
          1,
          1,
          0,
          null,
          null,
          null,
          1,
          0,
          0,
          null,
          null,
          0,
          null,
          null,
          1,
          0,
          0,
          null,
          0,
          0,
          null,
          null,
          0,
          null,
          null,
          1,
          null,
          1,
          0,
          null,
          null,
          null,
          null,
          1,
          1,
          0,
          null,
          null,
          null,
          null,
          null,
          null,
          null,
          null,
          1,
          1,
          0,
          0,
          null,
          null,
          0,
          null,
          0,
          null,
          null,
          null,
          null,
          1,
          1,
          0,
          0,
          null,
          null,
          null
        ]
      }
    },
    "timestamp": 1729823543
  }
}
